<?xml version="1.0" encoding="UTF-8"?>
<testsuite name="com.monolith.MonolithApplicationTests" tests="1" skipped="0" failures="0" errors="0" timestamp="2025-02-23T12:59:26" hostname="C11951" time="0.968">
  <properties/>
  <testcase name="contextLoads()" classname="com.monolith.MonolithApplicationTests" time="0.968"/>
  <system-out><![CDATA[13:59:24.107 [Test worker] INFO org.springframework.test.context.support.AnnotationConfigContextLoaderUtils -- Could not detect default configuration classes for test class [com.monolith.MonolithApplicationTests]: MonolithApplicationTests does not declare any static, non-private, non-final, nested classes annotated with @Configuration.
13:59:24.247 [Test worker] INFO org.springframework.boot.test.context.SpringBootTestContextBootstrapper -- Found @SpringBootConfiguration com.monolith.MonolithApplication for test class com.monolith.MonolithApplicationTests

  .   ____          _            __ _ _
 /\\ / ___'_ __ _ _(_)_ __  __ _ \ \ \ \
( ( )\___ | '_ | '_| | '_ \/ _` | \ \ \ \
 \\/  ___)| |_)| | | | | || (_| |  ) ) ) )
  '  |____| .__|_| |_|_| |_\__, | / / / /
 =========|_|==============|___/=/_/_/_/

 :: Spring Boot ::                (v3.4.3)

2025-02-23T13:59:24.785+01:00  INFO 6607 --- [Monolith] [    Test worker] com.monolith.MonolithApplicationTests    : Starting MonolithApplicationTests using Java 17.0.14 with PID 6607 (started by pkluska in /Users/pkluska/IdeaProjects/PerformanceAndScalabilityTest/Monolith)
2025-02-23T13:59:24.787+01:00  INFO 6607 --- [Monolith] [    Test worker] com.monolith.MonolithApplicationTests    : No active profile set, falling back to 1 default profile: "default"
2025-02-23T13:59:26.243+01:00  INFO 6607 --- [Monolith] [    Test worker] com.monolith.MonolithApplicationTests    : Started MonolithApplicationTests in 1.768 seconds (process running for 3.293)
]]></system-out>
  <system-err><![CDATA[]]></system-err>
</testsuite>
