<?xml version="1.0" encoding="UTF-8"?>
<testsuite name="com.monolith.MonolithApplicationTests" tests="1" skipped="0" failures="0" errors="0" timestamp="2025-03-13T12:27:04" hostname="C11951" time="0.816">
  <properties/>
  <testcase name="contextLoads()" classname="com.monolith.MonolithApplicationTests" time="0.816"/>
  <system-out><![CDATA[13:27:03.040 [Test worker] INFO org.springframework.test.context.support.AnnotationConfigContextLoaderUtils -- Could not detect default configuration classes for test class [com.monolith.MonolithApplicationTests]: MonolithApplicationTests does not declare any static, non-private, non-final, nested classes annotated with @Configuration.
13:27:03.162 [Test worker] INFO org.springframework.boot.test.context.SpringBootTestContextBootstrapper -- Found @SpringBootConfiguration com.monolith.MonolithApplication for test class com.monolith.MonolithApplicationTests

  .   ____          _            __ _ _
 /\\ / ___'_ __ _ _(_)_ __  __ _ \ \ \ \
( ( )\___ | '_ | '_| | '_ \/ _` | \ \ \ \
 \\/  ___)| |_)| | | | | || (_| |  ) ) ) )
  '  |____| .__|_| |_|_| |_\__, | / / / /
 =========|_|==============|___/=/_/_/_/

 :: Spring Boot ::                (v3.4.3)

2025-03-13T13:27:03.612+01:00  INFO 91550 --- [Monolith] [    Test worker] com.monolith.MonolithApplicationTests    : Starting MonolithApplicationTests using Java 17.0.14 with PID 91550 (started by pkluska in /Users/pkluska/IdeaProjects/PerformanceAndScalabilityTest/Monolith)
2025-03-13T13:27:03.614+01:00  INFO 91550 --- [Monolith] [    Test worker] com.monolith.MonolithApplicationTests    : No active profile set, falling back to 1 default profile: "default"
2025-03-13T13:27:04.666+01:00  INFO 91550 --- [Monolith] [    Test worker] com.monolith.MonolithApplicationTests    : Started MonolithApplicationTests in 1.339 seconds (process running for 2.881)
]]></system-out>
  <system-err><![CDATA[]]></system-err>
</testsuite>
